<?xml version="1.0" encoding="UTF-8"?>
<testng-results ignored="0" total="1" passed="1" failed="0" skipped="0">
  <reporter-output>
  </reporter-output>
  <suite started-at="2024-01-05T15:04:33 IST" name="Default suite" finished-at="2024-01-05T15:05:01 IST" duration-ms="28304">
    <groups>
    </groups>
    <test started-at="2024-01-05T15:04:33 IST" name="Default test" finished-at="2024-01-05T15:05:01 IST" duration-ms="28304">
      <class name="com.Mvn.facebookRegistration">
        <test-method is-config="true" signature="test()[pri:0, instance:com.Mvn.facebookRegistration@6c284af]" started-at="2024-01-05T15:04:33 IST" name="test" finished-at="2024-01-05T15:04:49 IST" duration-ms="16878" status="PASS">
          <reporter-output>
          </reporter-output>
        </test-method> <!-- test -->
        <test-method signature="registration()[pri:0, instance:com.Mvn.facebookRegistration@6c284af]" started-at="2024-01-05T15:04:49 IST" name="registration" finished-at="2024-01-05T15:04:58 IST" duration-ms="8811" status="PASS">
          <reporter-output>
          </reporter-output>
        </test-method> <!-- registration -->
        <test-method is-config="true" signature="close()[pri:0, instance:com.Mvn.facebookRegistration@6c284af]" started-at="2024-01-05T15:04:58 IST" name="close" finished-at="2024-01-05T15:05:01 IST" duration-ms="2561" status="PASS">
          <reporter-output>
          </reporter-output>
        </test-method> <!-- close -->
      </class> <!-- com.Mvn.facebookRegistration -->
    </test> <!-- Default test -->
  </suite> <!-- Default suite -->
</testng-results>
